<?xml version="1.0" encoding="UTF-8"?>
<!-- Generated by org.testng.reporters.JUnitReportReporter -->
<testsuite hostname="DESKTOP-56AQ7G0" failures="0" tests="1" name="JavaStream" time="0.045" errors="0" timestamp="2024-03-20T18:47:36 IST" skipped="0">
  <testcase classname="JavaStream" name="streamCollect" time="0.045"/>
</testsuite> <!-- JavaStream -->
